<?xml version="1.0" encoding="UTF-8"?>
<testsuite name="Tanks.TankTest" tests="6" skipped="0" failures="0" errors="0" timestamp="2024-12-08T05:42:21" hostname="IrenedeMacBook-Pro.local" time="0.003">
  <properties/>
  <testcase name="testDamageReceivesAndTankDies()" classname="Tanks.TankTest" time="0.001"/>
  <testcase name="testTankFuelRecharge()" classname="Tanks.TankTest" time="0.0"/>
  <testcase name="testTankHealthManagement()" classname="Tanks.TankTest" time="0.001"/>
  <testcase name="testTankInitialization()" classname="Tanks.TankTest" time="0.0"/>
  <testcase name="testUpdatePosition()" classname="Tanks.TankTest" time="0.001"/>
  <testcase name="testTankMovesCorrectly()" classname="Tanks.TankTest" time="0.0"/>
  <system-out><![CDATA[]]></system-out>
  <system-err><![CDATA[]]></system-err>
</testsuite>
